-------------------------------------------------------------------------------
Test set: aula_inatel.poke_prova.PokeProvaRunner
-------------------------------------------------------------------------------
Tests run: 1, Failures: 0, Errors: 1, Skipped: 0, Time elapsed: 0.229 s <<< FAILURE! - in aula_inatel.poke_prova.PokeProvaRunner
testGorest  Time elapsed: 0.228 s  <<< ERROR!
java.lang.RuntimeException: not found: aula_inatel/poke_prova/poke_prova.feature

