-------------------------------------------------------------------------------
Test set: aula_inatel.pokemonProva.PokeProvaRunner
-------------------------------------------------------------------------------
Tests run: 1, Failures: 0, Errors: 1, Skipped: 0, Time elapsed: 0 s <<< FAILURE! - in aula_inatel.pokemonProva.PokeProvaRunner
testPokemon  Time elapsed: 0 s  <<< ERROR!
java.lang.RuntimeException: not found: aula_inatel/pokemonProva/pokemonProva.feature

