<?xml version="1.0" encoding="UTF-8"?>
<testsuite xmlns:xsi="http://www.w3.org/2001/XMLSchema-instance" xsi:noNamespaceSchemaLocation="https://maven.apache.org/surefire/maven-surefire-plugin/xsd/surefire-test-report.xsd" name="aula_inatel.gorest.PokeProvaRunner" time="0.226" tests="1" errors="1" skipped="0" failures="0">
  <properties>
[...]
</properties>
  <testcase name="testPokemon" classname="aula_inatel.gorest.PokeProvaRunner" time="0.225">
    <error message="not found: aula_inatel/gorest/gorest.feature" type="java.lang.RuntimeException">java.lang.RuntimeException: not found: aula_inatel/gorest/gorest.feature
</error>
  </testcase>
</testsuite>