<?xml version="1.0" encoding="UTF-8"?>
<testsuite xmlns:xsi="http://www.w3.org/2001/XMLSchema-instance" xsi:noNamespaceSchemaLocation="https://maven.apache.org/surefire/maven-surefire-plugin/xsd/surefire-test-report.xsd" name="aula_inatel.pokemon.PokeRunner" time="5.319" tests="6" errors="0" skipped="0" failures="0">
  <properties>
[...]
</properties>
  <testcase name="testPokemon[1][1]" classname="aula_inatel.pokemon.PokeRunner" time="1.596"/>
  <testcase name="testPokemon[1][2]" classname="aula_inatel.pokemon.PokeRunner" time="0.413"/>
  <testcase name="testPokemon[1][3]" classname="aula_inatel.pokemon.PokeRunner" time="0.411"/>
  <testcase name="testPokemon[1][4]" classname="aula_inatel.pokemon.PokeRunner" time="0.397"/>
  <testcase name="testPokemon[1][5]" classname="aula_inatel.pokemon.PokeRunner" time="1.112"/>
  <testcase name="testPokemon[1][6]" classname="aula_inatel.pokemon.PokeRunner" time="0.938"/>
</testsuite>